     1	[19920104_091532] index:0;amount:42;created
     2	[19920104_091532] index:1;amount:54;created
     3	[19920104_091532] index:2;amount:957;created
     4	[19920104_091532] index:3;amount:432;created
     5	[19920104_091532] index:4;amount:1234;created
     6	[19920104_091532] index:5;amount:0;created
     7	[19920104_091532] index:6;amount:754;created
     8	[19920104_091532] index:7;amount:16576;created
	 // 생성자가 최초 누적액을 집어 넣음
     9	[19920104_091532] accounts:8;total:20049;deposits:0;withdrawals:0
	 // displayAccountInfos()
    10	[19920104_091532] index:0;amount:42;deposits:0;withdrawals:0
    11	[19920104_091532] index:1;amount:54;deposits:0;withdrawals:0
    12	[19920104_091532] index:2;amount:957;deposits:0;withdrawals:0
    13	[19920104_091532] index:3;amount:432;deposits:0;withdrawals:0
    14	[19920104_091532] index:4;amount:1234;deposits:0;withdrawals:0
    15	[19920104_091532] index:5;amount:0;deposits:0;withdrawals:0
    16	[19920104_091532] index:6;amount:754;deposits:0;withdrawals:0
    17	[19920104_091532] index:7;amount:16576;deposits:0;withdrawals:0
	//displayStatus() for_each 적용 
    18	[19920104_091532] index:0;p_amount:42;deposit:5;amount:47;nb_deposits:1
    19	[19920104_091532] index:1;p_amount:54;deposit:765;amount:819;nb_deposits:1
    20	[19920104_091532] index:2;p_amount:957;deposit:564;amount:1521;nb_deposits:1
    21	[19920104_091532] index:3;p_amount:432;deposit:2;amount:434;nb_deposits:1
    22	[19920104_091532] index:4;p_amount:1234;deposit:87;amount:1321;nb_deposits:1
    23	[19920104_091532] index:5;p_amount:0;deposit:23;amount:23;nb_deposits:1
    24	[19920104_091532] index:6;p_amount:754;deposit:9;amount:763;nb_deposits:1
    25	[19920104_091532] index:7;p_amount:16576;deposit:20;amount:16596;nb_deposits:1
	// makeDeposit
    26	[19920104_091532] accounts:8;total:21524;deposits:8;withdrawals:0
	//displayAccountInfos() 적용 
    27	[19920104_091532] index:0;amount:47;deposits:1;withdrawals:0
    28	[19920104_091532] index:1;amount:819;deposits:1;withdrawals:0
    29	[19920104_091532] index:2;amount:1521;deposits:1;withdrawals:0
    30	[19920104_091532] index:3;amount:434;deposits:1;withdrawals:0
    31	[19920104_091532] index:4;amount:1321;deposits:1;withdrawals:0
    32	[19920104_091532] index:5;amount:23;deposits:1;withdrawals:0
    33	[19920104_091532] index:6;amount:763;deposits:1;withdrawals:0
    34	[19920104_091532] index:7;amount:16596;deposits:1;withdrawals:0
	// displayStatus() 적용
    35	[19920104_091532] index:0;p_amount:47;withdrawal:refused
    36	[19920104_091532] index:1;p_amount:819;withdrawal:34;amount:785;nb_withdrawals:1
    37	[19920104_091532] index:2;p_amount:1521;withdrawal:657;amount:864;nb_withdrawals:1
    38	[19920104_091532] index:3;p_amount:434;withdrawal:4;amount:430;nb_withdrawals:1
    39	[19920104_091532] index:4;p_amount:1321;withdrawal:76;amount:1245;nb_withdrawals:1
    40	[19920104_091532] index:5;p_amount:23;withdrawal:refused
    41	[19920104_091532] index:6;p_amount:763;withdrawal:657;amount:106;nb_withdrawals:1
    42	[19920104_091532] index:7;p_amount:16596;withdrawal:7654;amount:8942;nb_withdrawals:1
	// makeWithdrawal
    43	[19920104_091532] accounts:8;total:12442;deposits:8;withdrawals:6
	//displayAccountInfos
    44	[19920104_091532] index:0;amount:47;deposits:1;withdrawals:0
    45	[19920104_091532] index:1;amount:785;deposits:1;withdrawals:1
    46	[19920104_091532] index:2;amount:864;deposits:1;withdrawals:1
    47	[19920104_091532] index:3;amount:430;deposits:1;withdrawals:1
    48	[19920104_091532] index:4;amount:1245;deposits:1;withdrawals:1
    49	[19920104_091532] index:5;amount:23;deposits:1;withdrawals:0
    50	[19920104_091532] index:6;amount:106;deposits:1;withdrawals:1
    51	[19920104_091532] index:7;amount:8942;deposits:1;withdrawals:1
	//displayStatus
    52	[19920104_091532] index:0;amount:47;closed
    53	[19920104_091532] index:1;amount:785;closed
    54	[19920104_091532] index:2;amount:864;closed
    55	[19920104_091532] index:3;amount:430;closed
    56	[19920104_091532] index:4;amount:1245;closed
    57	[19920104_091532] index:5;amount:23;closed
    58	[19920104_091532] index:6;amount:106;closed
    59	[19920104_091532] index:7;amount:8942;closed
	//소멸자 실행됨
